# JRE version: OpenJDK Runtime Environment (11.0.10) (build 11.0.10+0-b96-7249189)
# Java VM: OpenJDK 64-Bit Server VM (11.0.10+0-b96-7249189, mixed mode, tiered, compressed oops, g1 gc, windows-amd64)
Heap:
 garbage-first heap   total 380928K, used 133600K [0x0000000080000000, 0x0000000100000000)
  region size 1024K, 6 young (6144K), 6 survivors (6144K)
 Metaspace       used 98892K, capacity 101409K, committed 101708K, reserved 1136640K
  class space    used 12822K, capacity 13779K, committed 13900K, reserved 1048576K
GC Heap History (20 events):
Event: 19.249 GC heap after
{Heap after GC invocations=26 (full 0):
 garbage-first heap   total 187392K, used 117518K [0x0000000080000000, 0x0000000100000000)
  region size 1024K, 6 young (6144K), 6 survivors (6144K)
 Metaspace       used 92651K, capacity 94933K, committed 95564K, reserved 1132544K
  class space    used 12016K, capacity 12863K, committed 13132K, reserved 1048576K
}
Event: 19.315 GC heap before
{Heap before GC invocations=26 (full 0):
 garbage-first heap   total 187392K, used 152334K [0x0000000080000000, 0x0000000100000000)
  region size 1024K, 40 young (40960K), 6 survivors (6144K)
 Metaspace       used 93268K, capacity 95665K, committed 96204K, reserved 1132544K
  class space    used 12154K, capacity 13062K, committed 13260K, reserved 1048576K
}
Event: 19.328 GC heap after
{Heap after GC invocations=27 (full 0):
 garbage-first heap   total 187392K, used 123904K [0x0000000080000000, 0x0000000100000000)
  region size 1024K, 5 young (5120K), 5 survivors (5120K)
 Metaspace       used 93268K, capacity 95665K, committed 96204K, reserved 1132544K
  class space    used 12154K, capacity 13062K, committed 13260K, reserved 1048576K
}
Event: 19.516 GC heap before
{Heap before GC invocations=27 (full 0):
 garbage-first heap   total 187392K, used 153600K [0x0000000080000000, 0x0000000100000000)
  region size 1024K, 35 young (35840K), 5 survivors (5120K)
 Metaspace       used 95122K, capacity 97594K, committed 97740K, reserved 1134592K
  class space    used 12478K, capacity 13412K, committed 13516K, reserved 1048576K
}
Event: 19.531 GC heap after
{Heap after GC invocations=28 (full 0):
 garbage-first heap   total 225280K, used 128339K [0x0000000080000000, 0x0000000100000000)
  region size 1024K, 4 young (4096K), 4 survivors (4096K)
 Metaspace       used 95122K, capacity 97594K, committed 97740K, reserved 1134592K
  class space    used 12478K, capacity 13412K, committed 13516K, reserved 1048576K
}
Event: 19.857 GC heap before
{Heap before GC invocations=29 (full 0):
 garbage-first heap   total 225280K, used 171347K [0x0000000080000000, 0x0000000100000000)
  region size 1024K, 46 young (47104K), 4 survivors (4096K)
 Metaspace       used 95790K, capacity 98242K, committed 98636K, reserved 1134592K
  class space    used 12550K, capacity 13493K, committed 13644K, reserved 1048576K
}
Event: 19.868 GC heap after
{Heap after GC invocations=30 (full 0):
 garbage-first heap   total 225280K, used 130999K [0x0000000080000000, 0x0000000100000000)
  region size 1024K, 3 young (3072K), 3 survivors (3072K)
 Metaspace       used 95790K, capacity 98242K, committed 98636K, reserved 1134592K
  class space    used 12550K, capacity 13493K, committed 13644K, reserved 1048576K
}
Event: 20.079 GC heap before
{Heap before GC invocations=30 (full 0):
 garbage-first heap   total 225280K, used 174007K [0x0000000080000000, 0x0000000100000000)
  region size 1024K, 46 young (47104K), 3 survivors (3072K)
 Metaspace       used 96299K, capacity 98826K, committed 99148K, reserved 1134592K
  class space    used 12594K, capacity 13533K, committed 13644K, reserved 1048576K
}
Event: 20.087 GC heap after
{Heap after GC invocations=31 (full 0):
 garbage-first heap   total 225280K, used 131282K [0x0000000080000000, 0x0000000100000000)
  region size 1024K, 4 young (4096K), 4 survivors (4096K)
 Metaspace       used 96299K, capacity 98826K, committed 99148K, reserved 1134592K
  class space    used 12594K, capacity 13533K, committed 13644K, reserved 1048576K
}
Event: 20.418 GC heap before
{Heap before GC invocations=31 (full 0):
 garbage-first heap   total 225280K, used 177362K [0x0000000080000000, 0x0000000100000000)
  region size 1024K, 49 young (50176K), 4 survivors (4096K)
 Metaspace       used 96520K, capacity 98949K, committed 99404K, reserved 1134592K
  class space    used 12555K, capacity 13442K, committed 13644K, reserved 1048576K
}
Event: 20.427 GC heap after
{Heap after GC invocations=32 (full 0):
 garbage-first heap   total 225280K, used 131563K [0x0000000080000000, 0x0000000100000000)
  region size 1024K, 4 young (4096K), 4 survivors (4096K)
 Metaspace       used 96520K, capacity 98949K, committed 99404K, reserved 1134592K
  class space    used 12555K, capacity 13442K, committed 13644K, reserved 1048576K
}
Event: 20.606 GC heap before
{Heap before GC invocations=33 (full 0):
 garbage-first heap   total 225280K, used 179691K [0x0000000080000000, 0x0000000100000000)
  region size 1024K, 51 young (52224K), 4 survivors (4096K)
 Metaspace       used 96578K, capacity 99003K, committed 99404K, reserved 1134592K
  class space    used 12572K, capacity 13482K, committed 13644K, reserved 1048576K
}
Event: 20.616 GC heap after
{Heap after GC invocations=34 (full 0):
 garbage-first heap   total 278528K, used 131733K [0x0000000080000000, 0x0000000100000000)
  region size 1024K, 4 young (4096K), 4 survivors (4096K)
 Metaspace       used 96578K, capacity 99003K, committed 99404K, reserved 1134592K
  class space    used 12572K, capacity 13482K, committed 13644K, reserved 1048576K
}
Event: 20.950 GC heap before
{Heap before GC invocations=34 (full 0):
 garbage-first heap   total 278528K, used 201365K [0x0000000080000000, 0x0000000100000000)
  region size 1024K, 73 young (74752K), 4 survivors (4096K)
 Metaspace       used 96699K, capacity 99145K, committed 99660K, reserved 1134592K
  class space    used 12575K, capacity 13486K, committed 13644K, reserved 1048576K
}
Event: 20.958 GC heap after
{Heap after GC invocations=35 (full 0):
 garbage-first heap   total 278528K, used 131842K [0x0000000080000000, 0x0000000100000000)
  region size 1024K, 4 young (4096K), 4 survivors (4096K)
 Metaspace       used 96699K, capacity 99145K, committed 99660K, reserved 1134592K
  class space    used 12575K, capacity 13486K, committed 13644K, reserved 1048576K
}
Event: 21.459 GC heap before
{Heap before GC invocations=36 (full 0):
 garbage-first heap   total 278528K, used 207618K [0x0000000080000000, 0x0000000100000000)
  region size 1024K, 78 young (79872K), 4 survivors (4096K)
 Metaspace       used 97805K, capacity 100297K, committed 100556K, reserved 1136640K
  class space    used 12696K, capacity 13631K, committed 13772K, reserved 1048576K
}
Event: 21.472 GC heap after
{Heap after GC invocations=37 (full 0):
 garbage-first heap   total 278528K, used 132501K [0x0000000080000000, 0x0000000100000000)
  region size 1024K, 5 young (5120K), 5 survivors (5120K)
 Metaspace       used 97805K, capacity 100297K, committed 100556K, reserved 1136640K
  class space    used 12696K, capacity 13631K, committed 13772K, reserved 1048576K
}
Event: 21.819 GC heap before
{Heap before GC invocations=37 (full 0):
 garbage-first heap   total 278528K, used 212373K [0x0000000080000000, 0x0000000100000000)
  region size 1024K, 83 young (84992K), 5 survivors (5120K)
 Metaspace       used 98521K, capacity 101138K, committed 101324K, reserved 1136640K
  class space    used 12791K, capacity 13759K, committed 13772K, reserved 1048576K
}
Event: 21.837 GC heap after
{Heap after GC invocations=38 (full 0):
 garbage-first heap   total 278528K, used 134475K [0x0000000080000000, 0x0000000100000000)
  region size 1024K, 7 young (7168K), 7 survivors (7168K)
 Metaspace       used 98521K, capacity 101138K, committed 101324K, reserved 1136640K
  class space    used 12791K, capacity 13759K, committed 13772K, reserved 1048576K
}
Event: 22.437 GC heap before
{Heap before GC invocations=39 (full 0):
 garbage-first heap   total 278528K, used 219467K [0x0000000080000000, 0x0000000100000000)
  region size 1024K, 91 young (93184K), 7 survivors (7168K)
 Metaspace       used 98892K, capacity 101409K, committed 101708K, reserved 1136640K
  class space    used 12822K, capacity 13779K, committed 13900K, reserved 1048576K
}

