# JRE version: OpenJDK Runtime Environment (11.0.10) (build 11.0.10+0-b96-7249189)
# Java VM: OpenJDK 64-Bit Server VM (11.0.10+0-b96-7249189, mixed mode, tiered, compressed oops, g1 gc, windows-amd64)
Heap:
 garbage-first heap   total 324608K, used 133714K [0x0000000080000000, 0x0000000100000000)
  region size 1024K, 3 young (3072K), 3 survivors (3072K)
 Metaspace       used 99459K, capacity 102097K, committed 102220K, reserved 1138688K
  class space    used 12864K, capacity 13868K, committed 13900K, reserved 1048576K
GC Heap History (20 events):
Event: 21.939 GC heap after
{Heap after GC invocations=33 (full 0):
 garbage-first heap   total 225280K, used 132421K [0x0000000080000000, 0x0000000100000000)
  region size 1024K, 4 young (4096K), 4 survivors (4096K)
 Metaspace       used 96849K, capacity 99214K, committed 99660K, reserved 1134592K
  class space    used 12576K, capacity 13483K, committed 13644K, reserved 1048576K
}
Event: 21.978 GC heap before
{Heap before GC invocations=33 (full 0):
 garbage-first heap   total 225280K, used 139589K [0x0000000080000000, 0x0000000100000000)
  region size 1024K, 11 young (11264K), 4 survivors (4096K)
 Metaspace       used 96850K, capacity 99214K, committed 99660K, reserved 1134592K
  class space    used 12576K, capacity 13483K, committed 13644K, reserved 1048576K
}
Event: 21.989 GC heap after
{Heap after GC invocations=34 (full 0):
 garbage-first heap   total 270336K, used 131595K [0x0000000080000000, 0x0000000100000000)
  region size 1024K, 1 young (1024K), 1 survivors (1024K)
 Metaspace       used 96850K, capacity 99214K, committed 99660K, reserved 1134592K
  class space    used 12576K, capacity 13483K, committed 13644K, reserved 1048576K
}
Event: 22.540 GC heap before
{Heap before GC invocations=34 (full 0):
 garbage-first heap   total 270336K, used 197131K [0x0000000080000000, 0x0000000100000000)
  region size 1024K, 65 young (66560K), 1 survivors (1024K)
 Metaspace       used 97057K, capacity 99429K, committed 99916K, reserved 1136640K
  class space    used 12583K, capacity 13486K, committed 13644K, reserved 1048576K
}
Event: 22.551 GC heap after
{Heap after GC invocations=35 (full 0):
 garbage-first heap   total 270336K, used 132111K [0x0000000080000000, 0x0000000100000000)
  region size 1024K, 2 young (2048K), 2 survivors (2048K)
 Metaspace       used 97057K, capacity 99429K, committed 99916K, reserved 1136640K
  class space    used 12583K, capacity 13486K, committed 13644K, reserved 1048576K
}
Event: 23.252 GC heap before
{Heap before GC invocations=36 (full 0):
 garbage-first heap   total 270336K, used 201743K [0x0000000080000000, 0x0000000100000000)
  region size 1024K, 70 young (71680K), 2 survivors (2048K)
 Metaspace       used 97622K, capacity 99999K, committed 100556K, reserved 1136640K
  class space    used 12632K, capacity 13522K, committed 13772K, reserved 1048576K
}
Event: 23.260 GC heap after
{Heap after GC invocations=37 (full 0):
 garbage-first heap   total 270336K, used 132688K [0x0000000080000000, 0x0000000100000000)
  region size 1024K, 3 young (3072K), 3 survivors (3072K)
 Metaspace       used 97622K, capacity 99999K, committed 100556K, reserved 1136640K
  class space    used 12632K, capacity 13522K, committed 13772K, reserved 1048576K
}
Event: 23.636 GC heap before
{Heap before GC invocations=37 (full 0):
 garbage-first heap   total 270336K, used 206416K [0x0000000080000000, 0x0000000100000000)
  region size 1024K, 75 young (76800K), 3 survivors (3072K)
 Metaspace       used 97756K, capacity 100068K, committed 100556K, reserved 1136640K
  class space    used 12634K, capacity 13522K, committed 13772K, reserved 1048576K
}
Event: 23.641 GC heap after
{Heap after GC invocations=38 (full 0):
 garbage-first heap   total 270336K, used 132143K [0x0000000080000000, 0x0000000100000000)
  region size 1024K, 2 young (2048K), 2 survivors (2048K)
 Metaspace       used 97756K, capacity 100068K, committed 100556K, reserved 1136640K
  class space    used 12634K, capacity 13522K, committed 13772K, reserved 1048576K
}
Event: 24.240 GC heap before
{Heap before GC invocations=39 (full 0):
 garbage-first heap   total 270336K, used 217135K [0x0000000080000000, 0x0000000100000000)
  region size 1024K, 85 young (87040K), 2 survivors (2048K)
 Metaspace       used 97822K, capacity 100205K, committed 100556K, reserved 1136640K
  class space    used 12634K, capacity 13523K, committed 13772K, reserved 1048576K
}
Event: 24.248 GC heap after
{Heap after GC invocations=40 (full 0):
 garbage-first heap   total 270336K, used 132363K [0x0000000080000000, 0x0000000100000000)
  region size 1024K, 2 young (2048K), 2 survivors (2048K)
 Metaspace       used 97822K, capacity 100205K, committed 100556K, reserved 1136640K
  class space    used 12634K, capacity 13523K, committed 13772K, reserved 1048576K
}
Event: 24.617 GC heap before
{Heap before GC invocations=40 (full 0):
 garbage-first heap   total 270336K, used 219403K [0x0000000080000000, 0x0000000100000000)
  region size 1024K, 87 young (89088K), 2 survivors (2048K)
 Metaspace       used 97910K, capacity 100285K, committed 100812K, reserved 1136640K
  class space    used 12638K, capacity 13525K, committed 13772K, reserved 1048576K
}
Event: 24.634 GC heap after
{Heap after GC invocations=41 (full 0):
 garbage-first heap   total 270336K, used 133336K [0x0000000080000000, 0x0000000100000000)
  region size 1024K, 3 young (3072K), 3 survivors (3072K)
 Metaspace       used 97910K, capacity 100285K, committed 100812K, reserved 1136640K
  class space    used 12638K, capacity 13525K, committed 13772K, reserved 1048576K
}
Event: 25.058 GC heap before
{Heap before GC invocations=42 (full 0):
 garbage-first heap   total 270336K, used 220376K [0x0000000080000000, 0x0000000100000000)
  region size 1024K, 88 young (90112K), 3 survivors (3072K)
 Metaspace       used 97960K, capacity 100374K, committed 100812K, reserved 1136640K
  class space    used 12643K, capacity 13533K, committed 13772K, reserved 1048576K
}
Event: 25.068 GC heap after
{Heap after GC invocations=43 (full 0):
 garbage-first heap   total 270336K, used 133251K [0x0000000080000000, 0x0000000100000000)
  region size 1024K, 3 young (3072K), 3 survivors (3072K)
 Metaspace       used 97960K, capacity 100374K, committed 100812K, reserved 1136640K
  class space    used 12643K, capacity 13533K, committed 13772K, reserved 1048576K
}
Event: 25.097 GC heap before
{Heap before GC invocations=43 (full 0):
 garbage-first heap   total 270336K, used 143491K [0x0000000080000000, 0x0000000100000000)
  region size 1024K, 13 young (13312K), 3 survivors (3072K)
 Metaspace       used 97960K, capacity 100374K, committed 100812K, reserved 1136640K
  class space    used 12643K, capacity 13533K, committed 13772K, reserved 1048576K
}
Event: 25.104 GC heap after
{Heap after GC invocations=44 (full 0):
 garbage-first heap   total 270336K, used 131823K [0x0000000080000000, 0x0000000100000000)
  region size 1024K, 1 young (1024K), 1 survivors (1024K)
 Metaspace       used 97960K, capacity 100374K, committed 100812K, reserved 1136640K
  class space    used 12643K, capacity 13533K, committed 13772K, reserved 1048576K
}
Event: 25.892 GC heap before
{Heap before GC invocations=44 (full 0):
 garbage-first heap   total 270336K, used 220911K [0x0000000080000000, 0x0000000100000000)
  region size 1024K, 88 young (90112K), 1 survivors (1024K)
 Metaspace       used 98939K, capacity 101502K, committed 101580K, reserved 1136640K
  class space    used 12798K, capacity 13760K, committed 13772K, reserved 1048576K
}
Event: 25.905 GC heap after
{Heap after GC invocations=45 (full 0):
 garbage-first heap   total 270336K, used 132559K [0x0000000080000000, 0x0000000100000000)
  region size 1024K, 2 young (2048K), 2 survivors (2048K)
 Metaspace       used 98939K, capacity 101502K, committed 101580K, reserved 1136640K
  class space    used 12798K, capacity 13760K, committed 13772K, reserved 1048576K
}
Event: 26.677 GC heap before
{Heap before GC invocations=46 (full 0):
 garbage-first heap   total 270336K, used 223695K [0x0000000080000000, 0x0000000100000000)
  region size 1024K, 91 young (93184K), 2 survivors (2048K)
 Metaspace       used 99459K, capacity 102097K, committed 102220K, reserved 1138688K
  class space    used 12864K, capacity 13868K, committed 13900K, reserved 1048576K
}

