# JRE version: OpenJDK Runtime Environment (11.0.10) (build 11.0.10+0-b96-7249189)
# Java VM: OpenJDK 64-Bit Server VM (11.0.10+0-b96-7249189, mixed mode, tiered, compressed oops, g1 gc, windows-amd64)
Heap:
 garbage-first heap   total 324608K, used 218322K [0x0000000080000000, 0x0000000100000000)
  region size 1024K, 103 young (105472K), 7 survivors (7168K)
 Metaspace       used 102677K, capacity 105350K, committed 105676K, reserved 1140736K
  class space    used 13198K, capacity 14207K, committed 14284K, reserved 1048576K
GC Heap History (20 events):
Event: 23.105 GC heap before
{Heap before GC invocations=29 (full 0):
 garbage-first heap   total 225280K, used 177443K [0x0000000080000000, 0x0000000100000000)
  region size 1024K, 63 young (64512K), 4 survivors (4096K)
 Metaspace       used 99883K, capacity 102276K, committed 102860K, reserved 1138688K
  class space    used 12892K, capacity 13804K, committed 14028K, reserved 1048576K
}
Event: 23.117 GC heap after
{Heap after GC invocations=30 (full 0):
 garbage-first heap   total 225280K, used 116503K [0x0000000080000000, 0x0000000100000000)
  region size 1024K, 3 young (3072K), 3 survivors (3072K)
 Metaspace       used 99883K, capacity 102276K, committed 102860K, reserved 1138688K
  class space    used 12892K, capacity 13804K, committed 14028K, reserved 1048576K
}
Event: 23.517 GC heap before
{Heap before GC invocations=30 (full 0):
 garbage-first heap   total 225280K, used 179991K [0x0000000080000000, 0x0000000100000000)
  region size 1024K, 65 young (66560K), 3 survivors (3072K)
 Metaspace       used 100146K, capacity 102606K, committed 103116K, reserved 1138688K
  class space    used 12930K, capacity 13850K, committed 14028K, reserved 1048576K
}
Event: 23.531 GC heap after
{Heap after GC invocations=31 (full 0):
 garbage-first heap   total 225280K, used 117128K [0x0000000080000000, 0x0000000100000000)
  region size 1024K, 4 young (4096K), 4 survivors (4096K)
 Metaspace       used 100146K, capacity 102606K, committed 103116K, reserved 1138688K
  class space    used 12930K, capacity 13850K, committed 14028K, reserved 1048576K
}
Event: 24.188 GC heap before
{Heap before GC invocations=32 (full 0):
 garbage-first heap   total 225280K, used 181640K [0x0000000080000000, 0x0000000100000000)
  region size 1024K, 67 young (68608K), 4 survivors (4096K)
 Metaspace       used 100535K, capacity 103006K, committed 103372K, reserved 1138688K
  class space    used 12931K, capacity 13850K, committed 14028K, reserved 1048576K
}
Event: 24.202 GC heap after
{Heap after GC invocations=33 (full 0):
 garbage-first heap   total 225280K, used 117638K [0x0000000080000000, 0x0000000100000000)
  region size 1024K, 4 young (4096K), 4 survivors (4096K)
 Metaspace       used 100535K, capacity 103006K, committed 103372K, reserved 1138688K
  class space    used 12931K, capacity 13850K, committed 14028K, reserved 1048576K
}
Event: 24.588 GC heap before
{Heap before GC invocations=33 (full 0):
 garbage-first heap   total 225280K, used 184198K [0x0000000080000000, 0x0000000100000000)
  region size 1024K, 69 young (70656K), 4 survivors (4096K)
 Metaspace       used 100609K, capacity 103077K, committed 103372K, reserved 1138688K
  class space    used 12931K, capacity 13851K, committed 14028K, reserved 1048576K
}
Event: 24.601 GC heap after
{Heap after GC invocations=34 (full 0):
 garbage-first heap   total 225280K, used 117831K [0x0000000080000000, 0x0000000100000000)
  region size 1024K, 4 young (4096K), 4 survivors (4096K)
 Metaspace       used 100609K, capacity 103077K, committed 103372K, reserved 1138688K
  class space    used 12931K, capacity 13851K, committed 14028K, reserved 1048576K
}
Event: 24.980 GC heap before
{Heap before GC invocations=35 (full 0):
 garbage-first heap   total 225280K, used 186439K [0x0000000080000000, 0x0000000100000000)
  region size 1024K, 71 young (72704K), 4 survivors (4096K)
 Metaspace       used 100680K, capacity 103146K, committed 103628K, reserved 1138688K
  class space    used 12934K, capacity 13851K, committed 14028K, reserved 1048576K
}
Event: 24.997 GC heap after
{Heap after GC invocations=36 (full 0):
 garbage-first heap   total 270336K, used 117702K [0x0000000080000000, 0x0000000100000000)
  region size 1024K, 4 young (4096K), 4 survivors (4096K)
 Metaspace       used 100680K, capacity 103146K, committed 103628K, reserved 1138688K
  class space    used 12934K, capacity 13851K, committed 14028K, reserved 1048576K
}
Event: 25.501 GC heap before
{Heap before GC invocations=36 (full 0):
 garbage-first heap   total 270336K, used 209862K [0x0000000080000000, 0x0000000100000000)
  region size 1024K, 94 young (96256K), 4 survivors (4096K)
 Metaspace       used 100756K, capacity 103179K, committed 103628K, reserved 1138688K
  class space    used 12942K, capacity 13860K, committed 14028K, reserved 1048576K
}
Event: 25.517 GC heap after
{Heap after GC invocations=37 (full 0):
 garbage-first heap   total 270336K, used 118319K [0x0000000080000000, 0x0000000100000000)
  region size 1024K, 5 young (5120K), 5 survivors (5120K)
 Metaspace       used 100756K, capacity 103179K, committed 103628K, reserved 1138688K
  class space    used 12942K, capacity 13860K, committed 14028K, reserved 1048576K
}
Event: 25.966 GC heap before
{Heap before GC invocations=37 (full 0):
 garbage-first heap   total 270336K, used 214575K [0x0000000080000000, 0x0000000100000000)
  region size 1024K, 99 young (101376K), 5 survivors (5120K)
 Metaspace       used 101192K, capacity 103712K, committed 103884K, reserved 1138688K
  class space    used 13011K, capacity 13954K, committed 14028K, reserved 1048576K
}
Event: 25.981 GC heap after
{Heap after GC invocations=38 (full 0):
 garbage-first heap   total 270336K, used 118848K [0x0000000080000000, 0x0000000100000000)
  region size 1024K, 5 young (5120K), 5 survivors (5120K)
 Metaspace       used 101192K, capacity 103712K, committed 103884K, reserved 1138688K
  class space    used 13011K, capacity 13954K, committed 14028K, reserved 1048576K
}
Event: 26.477 GC heap before
{Heap before GC invocations=38 (full 0):
 garbage-first heap   total 270336K, used 222272K [0x0000000080000000, 0x0000000100000000)
  region size 1024K, 106 young (108544K), 5 survivors (5120K)
 Metaspace       used 101918K, capacity 104529K, committed 104780K, reserved 1140736K
  class space    used 13115K, capacity 14094K, committed 14156K, reserved 1048576K
}
Event: 26.493 GC heap after
{Heap after GC invocations=39 (full 0):
 garbage-first heap   total 270336K, used 119752K [0x0000000080000000, 0x0000000100000000)
  region size 1024K, 6 young (6144K), 6 survivors (6144K)
 Metaspace       used 101918K, capacity 104529K, committed 104780K, reserved 1140736K
  class space    used 13115K, capacity 14094K, committed 14156K, reserved 1048576K
}
Event: 27.254 GC heap before
{Heap before GC invocations=39 (full 0):
 garbage-first heap   total 270336K, used 223176K [0x0000000080000000, 0x0000000100000000)
  region size 1024K, 108 young (110592K), 6 survivors (6144K)
 Metaspace       used 102541K, capacity 105191K, committed 105420K, reserved 1140736K
  class space    used 13195K, capacity 14203K, committed 14284K, reserved 1048576K
}
Event: 27.278 GC heap after
{Heap after GC invocations=40 (full 0):
 garbage-first heap   total 324608K, used 120276K [0x0000000080000000, 0x0000000100000000)
  region size 1024K, 7 young (7168K), 7 survivors (7168K)
 Metaspace       used 102541K, capacity 105191K, committed 105420K, reserved 1140736K
  class space    used 13195K, capacity 14203K, committed 14284K, reserved 1048576K
}
Event: 27.921 GC heap before
{Heap before GC invocations=40 (full 0):
 garbage-first heap   total 324608K, used 255444K [0x0000000080000000, 0x0000000100000000)
  region size 1024K, 139 young (142336K), 7 survivors (7168K)
 Metaspace       used 102580K, capacity 105269K, committed 105420K, reserved 1140736K
  class space    used 13198K, capacity 14207K, committed 14284K, reserved 1048576K
}
Event: 27.940 GC heap after
{Heap after GC invocations=41 (full 0):
 garbage-first heap   total 324608K, used 121042K [0x0000000080000000, 0x0000000100000000)
  region size 1024K, 7 young (7168K), 7 survivors (7168K)
 Metaspace       used 102580K, capacity 105269K, committed 105420K, reserved 1140736K
  class space    used 13198K, capacity 14207K, committed 14284K, reserved 1048576K
}

