# JRE version: OpenJDK Runtime Environment (11.0.10) (build 11.0.10+0-b96-7249189)
# Java VM: OpenJDK 64-Bit Server VM (11.0.10+0-b96-7249189, mixed mode, tiered, compressed oops, g1 gc, windows-amd64)
Heap:
 garbage-first heap   total 339968K, used 135958K [0x0000000080000000, 0x0000000100000000)
  region size 1024K, 9 young (9216K), 9 survivors (9216K)
 Metaspace       used 102270K, capacity 104883K, committed 105036K, reserved 1140736K
  class space    used 13102K, capacity 14067K, committed 14156K, reserved 1048576K
GC Heap History (20 events):
Event: 27.824 GC heap after
{Heap after GC invocations=46 (full 0):
 garbage-first heap   total 282624K, used 130112K [0x0000000080000000, 0x0000000100000000)
  region size 1024K, 2 young (2048K), 2 survivors (2048K)
 Metaspace       used 100562K, capacity 102981K, committed 103372K, reserved 1138688K
  class space    used 12897K, capacity 13816K, committed 14028K, reserved 1048576K
}
Event: 28.402 GC heap before
{Heap before GC invocations=47 (full 0):
 garbage-first heap   total 282624K, used 240704K [0x0000000080000000, 0x0000000100000000)
  region size 1024K, 110 young (112640K), 2 survivors (2048K)
 Metaspace       used 100607K, capacity 103049K, committed 103628K, reserved 1138688K
  class space    used 12904K, capacity 13817K, committed 14028K, reserved 1048576K
}
Event: 28.407 GC heap after
{Heap after GC invocations=48 (full 0):
 garbage-first heap   total 282624K, used 131149K [0x0000000080000000, 0x0000000100000000)
  region size 1024K, 3 young (3072K), 3 survivors (3072K)
 Metaspace       used 100607K, capacity 103049K, committed 103628K, reserved 1138688K
  class space    used 12904K, capacity 13817K, committed 14028K, reserved 1048576K
}
Event: 28.435 GC heap before
{Heap before GC invocations=48 (full 0):
 garbage-first heap   total 282624K, used 141389K [0x0000000080000000, 0x0000000100000000)
  region size 1024K, 13 young (13312K), 3 survivors (3072K)
 Metaspace       used 100607K, capacity 103049K, committed 103628K, reserved 1138688K
  class space    used 12904K, capacity 13817K, committed 14028K, reserved 1048576K
}
Event: 28.441 GC heap after
{Heap after GC invocations=49 (full 0):
 garbage-first heap   total 282624K, used 128021K [0x0000000080000000, 0x0000000100000000)
  region size 1024K, 1 young (1024K), 1 survivors (1024K)
 Metaspace       used 100607K, capacity 103049K, committed 103628K, reserved 1138688K
  class space    used 12904K, capacity 13817K, committed 14028K, reserved 1048576K
}
Event: 28.839 GC heap before
{Heap before GC invocations=49 (full 0):
 garbage-first heap   total 282624K, used 242709K [0x0000000080000000, 0x0000000100000000)
  region size 1024K, 113 young (115712K), 1 survivors (1024K)
 Metaspace       used 100622K, capacity 103049K, committed 103628K, reserved 1138688K
  class space    used 12904K, capacity 13817K, committed 14028K, reserved 1048576K
}
Event: 28.844 GC heap after
{Heap after GC invocations=50 (full 0):
 garbage-first heap   total 282624K, used 128455K [0x0000000080000000, 0x0000000100000000)
  region size 1024K, 1 young (1024K), 1 survivors (1024K)
 Metaspace       used 100622K, capacity 103049K, committed 103628K, reserved 1138688K
  class space    used 12904K, capacity 13817K, committed 14028K, reserved 1048576K
}
Event: 29.302 GC heap before
{Heap before GC invocations=50 (full 0):
 garbage-first heap   total 282624K, used 244167K [0x0000000080000000, 0x0000000100000000)
  region size 1024K, 114 young (116736K), 1 survivors (1024K)
 Metaspace       used 101237K, capacity 103737K, committed 104012K, reserved 1138688K
  class space    used 12990K, capacity 13939K, committed 14156K, reserved 1048576K
}
Event: 29.307 GC heap after
{Heap after GC invocations=51 (full 0):
 garbage-first heap   total 282624K, used 128858K [0x0000000080000000, 0x0000000100000000)
  region size 1024K, 2 young (2048K), 2 survivors (2048K)
 Metaspace       used 101237K, capacity 103737K, committed 104012K, reserved 1138688K
  class space    used 12990K, capacity 13939K, committed 14156K, reserved 1048576K
}
Event: 29.918 GC heap before
{Heap before GC invocations=51 (full 0):
 garbage-first heap   total 282624K, used 244570K [0x0000000080000000, 0x0000000100000000)
  region size 1024K, 114 young (116736K), 2 survivors (2048K)
 Metaspace       used 102097K, capacity 104645K, committed 104780K, reserved 1140736K
  class space    used 13091K, capacity 14055K, committed 14156K, reserved 1048576K
}
Event: 29.925 GC heap after
{Heap after GC invocations=52 (full 0):
 garbage-first heap   total 282624K, used 131290K [0x0000000080000000, 0x0000000100000000)
  region size 1024K, 3 young (3072K), 3 survivors (3072K)
 Metaspace       used 102097K, capacity 104645K, committed 104780K, reserved 1140736K
  class space    used 13091K, capacity 14055K, committed 14156K, reserved 1048576K
}
Event: 30.344 GC heap before
{Heap before GC invocations=52 (full 0):
 garbage-first heap   total 282624K, used 244954K [0x0000000080000000, 0x0000000100000000)
  region size 1024K, 115 young (117760K), 3 survivors (3072K)
 Metaspace       used 102189K, capacity 104799K, committed 105036K, reserved 1140736K
  class space    used 13099K, capacity 14062K, committed 14156K, reserved 1048576K
}
Event: 30.356 GC heap after
{Heap after GC invocations=53 (full 0):
 garbage-first heap   total 282624K, used 134173K [0x0000000080000000, 0x0000000100000000)
  region size 1024K, 7 young (7168K), 7 survivors (7168K)
 Metaspace       used 102189K, capacity 104799K, committed 105036K, reserved 1140736K
  class space    used 13099K, capacity 14062K, committed 14156K, reserved 1048576K
}
Event: 30.709 GC heap before
{Heap before GC invocations=53 (full 0):
 garbage-first heap   total 282624K, used 243741K [0x0000000080000000, 0x0000000100000000)
  region size 1024K, 114 young (116736K), 7 survivors (7168K)
 Metaspace       used 102212K, capacity 104812K, committed 105036K, reserved 1140736K
  class space    used 13101K, capacity 14066K, committed 14156K, reserved 1048576K
}
Event: 30.720 GC heap after
{Heap after GC invocations=54 (full 0):
 garbage-first heap   total 282624K, used 133835K [0x0000000080000000, 0x0000000100000000)
  region size 1024K, 7 young (7168K), 7 survivors (7168K)
 Metaspace       used 102212K, capacity 104812K, committed 105036K, reserved 1140736K
  class space    used 13101K, capacity 14066K, committed 14156K, reserved 1048576K
}
Event: 31.005 GC heap before
{Heap before GC invocations=54 (full 0):
 garbage-first heap   total 282624K, used 244427K [0x0000000080000000, 0x0000000100000000)
  region size 1024K, 115 young (117760K), 7 survivors (7168K)
 Metaspace       used 102246K, capacity 104817K, committed 105036K, reserved 1140736K
  class space    used 13102K, capacity 14067K, committed 14156K, reserved 1048576K
}
Event: 31.021 GC heap after
{Heap after GC invocations=55 (full 0):
 garbage-first heap   total 282624K, used 135318K [0x0000000080000000, 0x0000000100000000)
  region size 1024K, 8 young (8192K), 8 survivors (8192K)
 Metaspace       used 102246K, capacity 104817K, committed 105036K, reserved 1140736K
  class space    used 13102K, capacity 14067K, committed 14156K, reserved 1048576K
}
Event: 31.398 GC heap before
{Heap before GC invocations=55 (full 0):
 garbage-first heap   total 282624K, used 243862K [0x0000000080000000, 0x0000000100000000)
  region size 1024K, 115 young (117760K), 8 survivors (8192K)
 Metaspace       used 102263K, capacity 104883K, committed 105036K, reserved 1140736K
  class space    used 13102K, capacity 14067K, committed 14156K, reserved 1048576K
}
Event: 31.411 GC heap after
{Heap after GC invocations=56 (full 0):
 garbage-first heap   total 282624K, used 134478K [0x0000000080000000, 0x0000000100000000)
  region size 1024K, 7 young (7168K), 7 survivors (7168K)
 Metaspace       used 102263K, capacity 104883K, committed 105036K, reserved 1140736K
  class space    used 13102K, capacity 14067K, committed 14156K, reserved 1048576K
}
Event: 31.795 GC heap before
{Heap before GC invocations=56 (full 0):
 garbage-first heap   total 282624K, used 245070K [0x0000000080000000, 0x0000000100000000)
  region size 1024K, 115 young (117760K), 7 survivors (7168K)
 Metaspace       used 102270K, capacity 104883K, committed 105036K, reserved 1140736K
  class space    used 13102K, capacity 14067K, committed 14156K, reserved 1048576K
}

