# JRE version: OpenJDK Runtime Environment (11.0.10) (build 11.0.10+0-b96-7249189)
# Java VM: OpenJDK 64-Bit Server VM (11.0.10+0-b96-7249189, mixed mode, tiered, compressed oops, g1 gc, windows-amd64)
Heap:
 garbage-first heap   total 324608K, used 136428K [0x0000000080000000, 0x0000000100000000)
  region size 1024K, 2 young (2048K), 2 survivors (2048K)
 Metaspace       used 106883K, capacity 109499K, committed 110028K, reserved 1144832K
  class space    used 13517K, capacity 14506K, committed 14796K, reserved 1048576K
GC Heap History (20 events):
Event: 27.604 GC heap after
{Heap after GC invocations=36 (full 0):
 garbage-first heap   total 225280K, used 97279K [0x0000000080000000, 0x0000000100000000)
  region size 1024K, 9 young (9216K), 9 survivors (9216K)
 Metaspace       used 98869K, capacity 101352K, committed 101452K, reserved 1136640K
  class space    used 12414K, capacity 13327K, committed 13388K, reserved 1048576K
}
Event: 28.162 GC heap before
{Heap before GC invocations=36 (full 0):
 garbage-first heap   total 225280K, used 171007K [0x0000000080000000, 0x0000000100000000)
  region size 1024K, 82 young (83968K), 9 survivors (9216K)
 Metaspace       used 101354K, capacity 103938K, committed 104140K, reserved 1140736K
  class space    used 12743K, capacity 13696K, committed 13772K, reserved 1048576K
}
Event: 28.185 GC heap after
{Heap after GC invocations=37 (full 0):
 garbage-first heap   total 225280K, used 107952K [0x0000000080000000, 0x0000000100000000)
  region size 1024K, 11 young (11264K), 11 survivors (11264K)
 Metaspace       used 101354K, capacity 103938K, committed 104140K, reserved 1140736K
  class space    used 12743K, capacity 13696K, committed 13772K, reserved 1048576K
}
Event: 28.400 GC heap before
{Heap before GC invocations=37 (full 0):
 garbage-first heap   total 225280K, used 173488K [0x0000000080000000, 0x0000000100000000)
  region size 1024K, 75 young (76800K), 11 survivors (11264K)
 Metaspace       used 102163K, capacity 104831K, committed 105164K, reserved 1140736K
  class space    used 12885K, capacity 13898K, committed 14028K, reserved 1048576K
}
Event: 28.425 GC heap after
{Heap after GC invocations=38 (full 0):
 garbage-first heap   total 225280K, used 120170K [0x0000000080000000, 0x0000000100000000)
  region size 1024K, 10 young (10240K), 10 survivors (10240K)
 Metaspace       used 102163K, capacity 104831K, committed 105164K, reserved 1140736K
  class space    used 12885K, capacity 13898K, committed 14028K, reserved 1048576K
}
Event: 28.562 GC heap before
{Heap before GC invocations=38 (full 0):
 garbage-first heap   total 225280K, used 175466K [0x0000000080000000, 0x0000000100000000)
  region size 1024K, 65 young (66560K), 10 survivors (10240K)
 Metaspace       used 103067K, capacity 105779K, committed 106060K, reserved 1140736K
  class space    used 13084K, capacity 14116K, committed 14156K, reserved 1048576K
}
Event: 28.585 GC heap after
{Heap after GC invocations=39 (full 0):
 garbage-first heap   total 225280K, used 130607K [0x0000000080000000, 0x0000000100000000)
  region size 1024K, 9 young (9216K), 9 survivors (9216K)
 Metaspace       used 103067K, capacity 105779K, committed 106060K, reserved 1140736K
  class space    used 13084K, capacity 14116K, committed 14156K, reserved 1048576K
}
Event: 29.022 GC heap before
{Heap before GC invocations=40 (full 0):
 garbage-first heap   total 225280K, used 180783K [0x0000000080000000, 0x0000000100000000)
  region size 1024K, 58 young (59392K), 9 survivors (9216K)
 Metaspace       used 104845K, capacity 107463K, committed 108236K, reserved 1142784K
  class space    used 13321K, capacity 14301K, committed 14540K, reserved 1048576K
}
Event: 29.042 GC heap after
{Heap after GC invocations=41 (full 0):
 garbage-first heap   total 270336K, used 137449K [0x0000000080000000, 0x0000000100000000)
  region size 1024K, 7 young (7168K), 7 survivors (7168K)
 Metaspace       used 104845K, capacity 107463K, committed 108236K, reserved 1142784K
  class space    used 13321K, capacity 14301K, committed 14540K, reserved 1048576K
}
Event: 29.074 GC heap before
{Heap before GC invocations=41 (full 0):
 garbage-first heap   total 270336K, used 143593K [0x0000000080000000, 0x0000000100000000)
  region size 1024K, 13 young (13312K), 7 survivors (7168K)
 Metaspace       used 104918K, capacity 107561K, committed 108236K, reserved 1142784K
  class space    used 13335K, capacity 14333K, committed 14540K, reserved 1048576K
}
Event: 29.087 GC heap after
{Heap after GC invocations=42 (full 0):
 garbage-first heap   total 270336K, used 135008K [0x0000000080000000, 0x0000000100000000)
  region size 1024K, 2 young (2048K), 2 survivors (2048K)
 Metaspace       used 104918K, capacity 107561K, committed 108236K, reserved 1142784K
  class space    used 13335K, capacity 14333K, committed 14540K, reserved 1048576K
}
Event: 29.670 GC heap before
{Heap before GC invocations=42 (full 0):
 garbage-first heap   total 270336K, used 199520K [0x0000000080000000, 0x0000000100000000)
  region size 1024K, 65 young (66560K), 2 survivors (2048K)
 Metaspace       used 105693K, capacity 108340K, committed 108876K, reserved 1142784K
  class space    used 13423K, capacity 14414K, committed 14668K, reserved 1048576K
}
Event: 29.685 GC heap after
{Heap after GC invocations=43 (full 0):
 garbage-first heap   total 270336K, used 136130K [0x0000000080000000, 0x0000000100000000)
  region size 1024K, 3 young (3072K), 3 survivors (3072K)
 Metaspace       used 105693K, capacity 108340K, committed 108876K, reserved 1142784K
  class space    used 13423K, capacity 14414K, committed 14668K, reserved 1048576K
}
Event: 30.342 GC heap before
{Heap before GC invocations=44 (full 0):
 garbage-first heap   total 270336K, used 203714K [0x0000000080000000, 0x0000000100000000)
  region size 1024K, 69 young (70656K), 3 survivors (3072K)
 Metaspace       used 105844K, capacity 108396K, committed 109132K, reserved 1144832K
  class space    used 13382K, capacity 14354K, committed 14668K, reserved 1048576K
}
Event: 30.353 GC heap after
{Heap after GC invocations=45 (full 0):
 garbage-first heap   total 270336K, used 136523K [0x0000000080000000, 0x0000000100000000)
  region size 1024K, 3 young (3072K), 3 survivors (3072K)
 Metaspace       used 105844K, capacity 108396K, committed 109132K, reserved 1144832K
  class space    used 13382K, capacity 14354K, committed 14668K, reserved 1048576K
}
Event: 30.384 GC heap before
{Heap before GC invocations=45 (full 0):
 garbage-first heap   total 270336K, used 146763K [0x0000000080000000, 0x0000000100000000)
  region size 1024K, 13 young (13312K), 3 survivors (3072K)
 Metaspace       used 105845K, capacity 108396K, committed 109132K, reserved 1144832K
  class space    used 13382K, capacity 14354K, committed 14668K, reserved 1048576K
}
Event: 30.389 GC heap after
{Heap after GC invocations=46 (full 0):
 garbage-first heap   total 270336K, used 135434K [0x0000000080000000, 0x0000000100000000)
  region size 1024K, 1 young (1024K), 1 survivors (1024K)
 Metaspace       used 105845K, capacity 108396K, committed 109132K, reserved 1144832K
  class space    used 13382K, capacity 14354K, committed 14668K, reserved 1048576K
}
Event: 30.758 GC heap before
{Heap before GC invocations=46 (full 0):
 garbage-first heap   total 270336K, used 207114K [0x0000000080000000, 0x0000000100000000)
  region size 1024K, 71 young (72704K), 1 survivors (1024K)
 Metaspace       used 105924K, capacity 108506K, committed 109388K, reserved 1144832K
  class space    used 13405K, capacity 14370K, committed 14668K, reserved 1048576K
}
Event: 30.766 GC heap after
{Heap after GC invocations=47 (full 0):
 garbage-first heap   total 270336K, used 135983K [0x0000000080000000, 0x0000000100000000)
  region size 1024K, 2 young (2048K), 2 survivors (2048K)
 Metaspace       used 105924K, capacity 108506K, committed 109388K, reserved 1144832K
  class space    used 13405K, capacity 14370K, committed 14668K, reserved 1048576K
}
Event: 31.480 GC heap before
{Heap before GC invocations=48 (full 0):
 garbage-first heap   total 270336K, used 210735K [0x0000000080000000, 0x0000000100000000)
  region size 1024K, 75 young (76800K), 2 survivors (2048K)
 Metaspace       used 106883K, capacity 109499K, committed 110028K, reserved 1144832K
  class space    used 13517K, capacity 14506K, committed 14796K, reserved 1048576K
}

