# JRE version: OpenJDK Runtime Environment (11.0.10) (build 11.0.10+0-b96-7249189)
# Java VM: OpenJDK 64-Bit Server VM (11.0.10+0-b96-7249189, mixed mode, tiered, compressed oops, g1 gc, windows-amd64)
Heap:
 garbage-first heap   total 324608K, used 132462K [0x0000000080000000, 0x0000000100000000)
  region size 1024K, 4 young (4096K), 4 survivors (4096K)
 Metaspace       used 99136K, capacity 101655K, committed 101964K, reserved 1136640K
  class space    used 12854K, capacity 13796K, committed 13900K, reserved 1048576K
GC Heap History (20 events):
Event: 19.500 GC heap after
{Heap after GC invocations=26 (full 0):
 garbage-first heap   total 225280K, used 122718K [0x0000000080000000, 0x0000000100000000)
  region size 1024K, 8 young (8192K), 8 survivors (8192K)
 Metaspace       used 95171K, capacity 97624K, committed 98252K, reserved 1134592K
  class space    used 12459K, capacity 13363K, committed 13516K, reserved 1048576K
}
Event: 19.833 GC heap before
{Heap before GC invocations=26 (full 0):
 garbage-first heap   total 225280K, used 176990K [0x0000000080000000, 0x0000000100000000)
  region size 1024K, 61 young (62464K), 8 survivors (8192K)
 Metaspace       used 95942K, capacity 98350K, committed 98892K, reserved 1134592K
  class space    used 12571K, capacity 13470K, committed 13644K, reserved 1048576K
}
Event: 19.855 GC heap after
{Heap after GC invocations=27 (full 0):
 garbage-first heap   total 225280K, used 128757K [0x0000000080000000, 0x0000000100000000)
  region size 1024K, 6 young (6144K), 6 survivors (6144K)
 Metaspace       used 95942K, capacity 98350K, committed 98892K, reserved 1134592K
  class space    used 12571K, capacity 13470K, committed 13644K, reserved 1048576K
}
Event: 20.439 GC heap before
{Heap before GC invocations=28 (full 0):
 garbage-first heap   total 225280K, used 180981K [0x0000000080000000, 0x0000000100000000)
  region size 1024K, 57 young (58368K), 6 survivors (6144K)
 Metaspace       used 96260K, capacity 98689K, committed 99276K, reserved 1134592K
  class space    used 12587K, capacity 13484K, committed 13772K, reserved 1048576K
}
Event: 20.454 GC heap after
{Heap after GC invocations=29 (full 0):
 garbage-first heap   total 225280K, used 129413K [0x0000000080000000, 0x0000000100000000)
  region size 1024K, 1 young (1024K), 1 survivors (1024K)
 Metaspace       used 96260K, capacity 98689K, committed 99276K, reserved 1134592K
  class space    used 12587K, capacity 13484K, committed 13772K, reserved 1048576K
}
Event: 20.799 GC heap before
{Heap before GC invocations=29 (full 0):
 garbage-first heap   total 225280K, used 183685K [0x0000000080000000, 0x0000000100000000)
  region size 1024K, 54 young (55296K), 1 survivors (1024K)
 Metaspace       used 96522K, capacity 98978K, committed 99532K, reserved 1134592K
  class space    used 12599K, capacity 13495K, committed 13772K, reserved 1048576K
}
Event: 20.808 GC heap after
{Heap after GC invocations=30 (full 0):
 garbage-first heap   total 270336K, used 129459K [0x0000000080000000, 0x0000000100000000)
  region size 1024K, 2 young (2048K), 2 survivors (2048K)
 Metaspace       used 96522K, capacity 98978K, committed 99532K, reserved 1134592K
  class space    used 12599K, capacity 13495K, committed 13772K, reserved 1048576K
}
Event: 21.415 GC heap before
{Heap before GC invocations=31 (full 0):
 garbage-first heap   total 270336K, used 202163K [0x0000000080000000, 0x0000000100000000)
  region size 1024K, 73 young (74752K), 2 survivors (2048K)
 Metaspace       used 97078K, capacity 99499K, committed 100044K, reserved 1136640K
  class space    used 12661K, capacity 13563K, committed 13772K, reserved 1048576K
}
Event: 21.421 GC heap after
{Heap after GC invocations=32 (full 0):
 garbage-first heap   total 270336K, used 129972K [0x0000000080000000, 0x0000000100000000)
  region size 1024K, 2 young (2048K), 2 survivors (2048K)
 Metaspace       used 97078K, capacity 99499K, committed 100044K, reserved 1136640K
  class space    used 12661K, capacity 13563K, committed 13772K, reserved 1048576K
}
Event: 21.787 GC heap before
{Heap before GC invocations=32 (full 0):
 garbage-first heap   total 270336K, used 206772K [0x0000000080000000, 0x0000000100000000)
  region size 1024K, 77 young (78848K), 2 survivors (2048K)
 Metaspace       used 97957K, capacity 100456K, committed 100556K, reserved 1136640K
  class space    used 12788K, capacity 13733K, committed 13772K, reserved 1048576K
}
Event: 21.792 GC heap after
{Heap after GC invocations=33 (full 0):
 garbage-first heap   total 270336K, used 130437K [0x0000000080000000, 0x0000000100000000)
  region size 1024K, 2 young (2048K), 2 survivors (2048K)
 Metaspace       used 97957K, capacity 100456K, committed 100556K, reserved 1136640K
  class space    used 12788K, capacity 13733K, committed 13772K, reserved 1048576K
}
Event: 22.239 GC heap before
{Heap before GC invocations=34 (full 0):
 garbage-first heap   total 270336K, used 214405K [0x0000000080000000, 0x0000000100000000)
  region size 1024K, 84 young (86016K), 2 survivors (2048K)
 Metaspace       used 98325K, capacity 100919K, committed 101196K, reserved 1136640K
  class space    used 12829K, capacity 13779K, committed 13900K, reserved 1048576K
}
Event: 22.247 GC heap after
{Heap after GC invocations=35 (full 0):
 garbage-first heap   total 270336K, used 130393K [0x0000000080000000, 0x0000000100000000)
  region size 1024K, 2 young (2048K), 2 survivors (2048K)
 Metaspace       used 98325K, capacity 100919K, committed 101196K, reserved 1136640K
  class space    used 12829K, capacity 13779K, committed 13900K, reserved 1048576K
}
Event: 22.631 GC heap before
{Heap before GC invocations=35 (full 0):
 garbage-first heap   total 270336K, used 216409K [0x0000000080000000, 0x0000000100000000)
  region size 1024K, 86 young (88064K), 2 survivors (2048K)
 Metaspace       used 98544K, capacity 101121K, committed 101452K, reserved 1136640K
  class space    used 12841K, capacity 13779K, committed 13900K, reserved 1048576K
}
Event: 22.645 GC heap after
{Heap after GC invocations=36 (full 0):
 garbage-first heap   total 270336K, used 132201K [0x0000000080000000, 0x0000000100000000)
  region size 1024K, 4 young (4096K), 4 survivors (4096K)
 Metaspace       used 98544K, capacity 101121K, committed 101452K, reserved 1136640K
  class space    used 12841K, capacity 13779K, committed 13900K, reserved 1048576K
}
Event: 24.293 GC heap before
{Heap before GC invocations=37 (full 0):
 garbage-first heap   total 270336K, used 219241K [0x0000000080000000, 0x0000000100000000)
  region size 1024K, 89 young (91136K), 4 survivors (4096K)
 Metaspace       used 98985K, capacity 101541K, committed 101708K, reserved 1136640K
  class space    used 12843K, capacity 13782K, committed 13900K, reserved 1048576K
}
Event: 24.304 GC heap after
{Heap after GC invocations=38 (full 0):
 garbage-first heap   total 270336K, used 131143K [0x0000000080000000, 0x0000000100000000)
  region size 1024K, 3 young (3072K), 3 survivors (3072K)
 Metaspace       used 98985K, capacity 101541K, committed 101708K, reserved 1136640K
  class space    used 12843K, capacity 13782K, committed 13900K, reserved 1048576K
}
Event: 24.644 GC heap before
{Heap before GC invocations=38 (full 0):
 garbage-first heap   total 270336K, used 222279K [0x0000000080000000, 0x0000000100000000)
  region size 1024K, 92 young (94208K), 3 survivors (3072K)
 Metaspace       used 99025K, capacity 101544K, committed 101708K, reserved 1136640K
  class space    used 12843K, capacity 13782K, committed 13900K, reserved 1048576K
}
Event: 24.656 GC heap after
{Heap after GC invocations=39 (full 0):
 garbage-first heap   total 270336K, used 131667K [0x0000000080000000, 0x0000000100000000)
  region size 1024K, 4 young (4096K), 4 survivors (4096K)
 Metaspace       used 99025K, capacity 101544K, committed 101708K, reserved 1136640K
  class space    used 12843K, capacity 13782K, committed 13900K, reserved 1048576K
}
Event: 25.295 GC heap before
{Heap before GC invocations=40 (full 0):
 garbage-first heap   total 270336K, used 223827K [0x0000000080000000, 0x0000000100000000)
  region size 1024K, 94 young (96256K), 4 survivors (4096K)
 Metaspace       used 99136K, capacity 101655K, committed 101964K, reserved 1136640K
  class space    used 12854K, capacity 13796K, committed 13900K, reserved 1048576K
}

