# JRE version: OpenJDK Runtime Environment (11.0.10) (build 11.0.10+0-b96-7249189)
# Java VM: OpenJDK 64-Bit Server VM (11.0.10+0-b96-7249189, mixed mode, tiered, compressed oops, g1 gc, windows-amd64)
Heap:
 garbage-first heap   total 225280K, used 119808K [0x0000000080000000, 0x0000000100000000)
  region size 1024K, 6 young (6144K), 6 survivors (6144K)
 Metaspace       used 95707K, capacity 98151K, committed 98892K, reserved 1134592K
  class space    used 12393K, capacity 13327K, committed 13644K, reserved 1048576K
GC Heap History (20 events):
Event: 12.364 GC heap after
{Heap after GC invocations=15 (full 0):
 garbage-first heap   total 187392K, used 49729K [0x0000000080000000, 0x0000000100000000)
  region size 1024K, 7 young (7168K), 7 survivors (7168K)
 Metaspace       used 64210K, capacity 65798K, committed 66124K, reserved 1105920K
  class space    used 8130K, capacity 8687K, committed 8780K, reserved 1048576K
}
Event: 13.702 GC heap before
{Heap before GC invocations=15 (full 0):
 garbage-first heap   total 187392K, used 127553K [0x0000000080000000, 0x0000000100000000)
  region size 1024K, 83 young (84992K), 7 survivors (7168K)
 Metaspace       used 71036K, capacity 72771K, committed 73036K, reserved 1112064K
  class space    used 9175K, capacity 9788K, committed 9804K, reserved 1048576K
}
Event: 13.714 GC heap after
{Heap after GC invocations=16 (full 0):
 garbage-first heap   total 187392K, used 55647K [0x0000000080000000, 0x0000000100000000)
  region size 1024K, 11 young (11264K), 11 survivors (11264K)
 Metaspace       used 71036K, capacity 72771K, committed 73036K, reserved 1112064K
  class space    used 9175K, capacity 9788K, committed 9804K, reserved 1048576K
}
Event: 14.976 GC heap before
{Heap before GC invocations=16 (full 0):
 garbage-first heap   total 187392K, used 132447K [0x0000000080000000, 0x0000000100000000)
  region size 1024K, 86 young (88064K), 11 survivors (11264K)
 Metaspace       used 79223K, capacity 81101K, committed 81356K, reserved 1120256K
  class space    used 10218K, capacity 10911K, committed 10956K, reserved 1048576K
}
Event: 14.996 GC heap after
{Heap after GC invocations=17 (full 0):
 garbage-first heap   total 187392K, used 61547K [0x0000000080000000, 0x0000000100000000)
  region size 1024K, 11 young (11264K), 11 survivors (11264K)
 Metaspace       used 79223K, capacity 81101K, committed 81356K, reserved 1120256K
  class space    used 10218K, capacity 10911K, committed 10956K, reserved 1048576K
}
Event: 16.557 GC heap before
{Heap before GC invocations=17 (full 0):
 garbage-first heap   total 187392K, used 138347K [0x0000000080000000, 0x0000000100000000)
  region size 1024K, 85 young (87040K), 11 survivors (11264K)
 Metaspace       used 82336K, capacity 84508K, committed 84812K, reserved 1122304K
  class space    used 10680K, capacity 11473K, committed 11596K, reserved 1048576K
}
Event: 16.572 GC heap after
{Heap after GC invocations=18 (full 0):
 garbage-first heap   total 187392K, used 71517K [0x0000000080000000, 0x0000000100000000)
  region size 1024K, 10 young (10240K), 10 survivors (10240K)
 Metaspace       used 82336K, capacity 84508K, committed 84812K, reserved 1122304K
  class space    used 10680K, capacity 11473K, committed 11596K, reserved 1048576K
}
Event: 17.445 GC heap before
{Heap before GC invocations=18 (full 0):
 garbage-first heap   total 187392K, used 154461K [0x0000000080000000, 0x0000000100000000)
  region size 1024K, 77 young (78848K), 10 survivors (10240K)
 Metaspace       used 84700K, capacity 86922K, committed 87116K, reserved 1124352K
  class space    used 10905K, capacity 11755K, committed 11852K, reserved 1048576K
}
Event: 17.453 GC heap after
{Heap after GC invocations=19 (full 0):
 garbage-first heap   total 187392K, used 68527K [0x0000000080000000, 0x0000000100000000)
  region size 1024K, 2 young (2048K), 2 survivors (2048K)
 Metaspace       used 84700K, capacity 86922K, committed 87116K, reserved 1124352K
  class space    used 10905K, capacity 11755K, committed 11852K, reserved 1048576K
}
Event: 18.728 GC heap before
{Heap before GC invocations=19 (full 0):
 garbage-first heap   total 187392K, used 142255K [0x0000000080000000, 0x0000000100000000)
  region size 1024K, 75 young (76800K), 2 survivors (2048K)
 Metaspace       used 88861K, capacity 91191K, committed 91468K, reserved 1128448K
  class space    used 11416K, capacity 12288K, committed 12364K, reserved 1048576K
}
Event: 18.739 GC heap after
{Heap after GC invocations=20 (full 0):
 garbage-first heap   total 187392K, used 71414K [0x0000000080000000, 0x0000000100000000)
  region size 1024K, 5 young (5120K), 5 survivors (5120K)
 Metaspace       used 88861K, capacity 91191K, committed 91468K, reserved 1128448K
  class space    used 11416K, capacity 12288K, committed 12364K, reserved 1048576K
}
Event: 19.493 GC heap before
{Heap before GC invocations=20 (full 0):
 garbage-first heap   total 187392K, used 145142K [0x0000000080000000, 0x0000000100000000)
  region size 1024K, 78 young (79872K), 5 survivors (5120K)
 Metaspace       used 92216K, capacity 94620K, committed 94796K, reserved 1130496K
  class space    used 11893K, capacity 12796K, committed 12876K, reserved 1048576K
}
Event: 19.504 GC heap after
{Heap after GC invocations=21 (full 0):
 garbage-first heap   total 187392K, used 85404K [0x0000000080000000, 0x0000000100000000)
  region size 1024K, 10 young (10240K), 10 survivors (10240K)
 Metaspace       used 92216K, capacity 94620K, committed 94796K, reserved 1130496K
  class space    used 11893K, capacity 12796K, committed 12876K, reserved 1048576K
}
Event: 19.791 GC heap before
{Heap before GC invocations=21 (full 0):
 garbage-first heap   total 187392K, used 142748K [0x0000000080000000, 0x0000000100000000)
  region size 1024K, 67 young (68608K), 10 survivors (10240K)
 Metaspace       used 93792K, capacity 96217K, committed 96332K, reserved 1132544K
  class space    used 12106K, capacity 13029K, committed 13132K, reserved 1048576K
}
Event: 19.808 GC heap after
{Heap after GC invocations=22 (full 0):
 garbage-first heap   total 187392K, used 94718K [0x0000000080000000, 0x0000000100000000)
  region size 1024K, 9 young (9216K), 9 survivors (9216K)
 Metaspace       used 93792K, capacity 96217K, committed 96332K, reserved 1132544K
  class space    used 12106K, capacity 13029K, committed 13132K, reserved 1048576K
}
Event: 19.957 GC heap before
{Heap before GC invocations=22 (full 0):
 garbage-first heap   total 187392K, used 143870K [0x0000000080000000, 0x0000000100000000)
  region size 1024K, 58 young (59392K), 9 survivors (9216K)
 Metaspace       used 95314K, capacity 97966K, committed 98124K, reserved 1134592K
  class space    used 12360K, capacity 13386K, committed 13388K, reserved 1048576K
}
Event: 19.987 GC heap after
{Heap after GC invocations=23 (full 0):
 garbage-first heap   total 187392K, used 104230K [0x0000000080000000, 0x0000000100000000)
  region size 1024K, 8 young (8192K), 8 survivors (8192K)
 Metaspace       used 95314K, capacity 97966K, committed 98124K, reserved 1134592K
  class space    used 12360K, capacity 13386K, committed 13388K, reserved 1048576K
}
Event: 20.093 GC heap before
{Heap before GC invocations=23 (full 0):
 garbage-first heap   total 187392K, used 147238K [0x0000000080000000, 0x0000000100000000)
  region size 1024K, 50 young (51200K), 8 survivors (8192K)
 Metaspace       used 95621K, capacity 98268K, committed 98508K, reserved 1134592K
  class space    used 12407K, capacity 13440K, committed 13516K, reserved 1048576K
}
Event: 20.114 GC heap after
{Heap after GC invocations=24 (full 0):
 garbage-first heap   total 187392K, used 112546K [0x0000000080000000, 0x0000000100000000)
  region size 1024K, 7 young (7168K), 7 survivors (7168K)
 Metaspace       used 95621K, capacity 98268K, committed 98508K, reserved 1134592K
  class space    used 12407K, capacity 13440K, committed 13516K, reserved 1048576K
}
Event: 20.223 GC heap before
{Heap before GC invocations=24 (full 0):
 garbage-first heap   total 187392K, used 149410K [0x0000000080000000, 0x0000000100000000)
  region size 1024K, 44 young (45056K), 7 survivors (7168K)
 Metaspace       used 95707K, capacity 98151K, committed 98892K, reserved 1134592K
  class space    used 12393K, capacity 13327K, committed 13644K, reserved 1048576K
}

